  Main.cpp
E:\CST 407 Intro to Cryptography\Homework\SDES\SDES\SDES\Main.cpp(47,28): warning C4838: conversion from 'int' to 'char' requires a narrowing conversion
E:\CST 407 Intro to Cryptography\Homework\SDES\SDES\SDES\Main.cpp(47,33): warning C4305: 'initializing': truncation from 'int' to 'char'
E:\CST 407 Intro to Cryptography\Homework\SDES\SDES\SDES\Main.cpp(47,28): warning C4309: 'initializing': truncation of constant value
E:\CST 407 Intro to Cryptography\Homework\SDES\SDES\SDES\Main.cpp(48,30): warning C4838: conversion from 'int' to 'char' requires a narrowing conversion
E:\CST 407 Intro to Cryptography\Homework\SDES\SDES\SDES\Main.cpp(48,35): warning C4305: 'initializing': truncation from 'int' to 'char'
E:\CST 407 Intro to Cryptography\Homework\SDES\SDES\SDES\Main.cpp(48,30): warning C4309: 'initializing': truncation of constant value
E:\CST 407 Intro to Cryptography\Homework\SDES\SDES\SDES\Main.cpp(49,30): warning C4838: conversion from 'int' to 'char' requires a narrowing conversion
E:\CST 407 Intro to Cryptography\Homework\SDES\SDES\SDES\Main.cpp(49,35): warning C4305: 'initializing': truncation from 'int' to 'char'
E:\CST 407 Intro to Cryptography\Homework\SDES\SDES\SDES\Main.cpp(49,30): warning C4309: 'initializing': truncation of constant value
E:\CST 407 Intro to Cryptography\Homework\SDES\SDES\SDES\Main.cpp(50,23): warning C4838: conversion from 'int' to 'char' requires a narrowing conversion
E:\CST 407 Intro to Cryptography\Homework\SDES\SDES\SDES\Main.cpp(50,28): warning C4305: 'initializing': truncation from 'int' to 'char'
E:\CST 407 Intro to Cryptography\Homework\SDES\SDES\SDES\Main.cpp(50,23): warning C4309: 'initializing': truncation of constant value
E:\CST 407 Intro to Cryptography\Homework\SDES\SDES\SDES\Main.cpp(161,20): warning C4838: conversion from 'int' to 'char' requires a narrowing conversion
E:\CST 407 Intro to Cryptography\Homework\SDES\SDES\SDES\Main.cpp(161,25): warning C4305: 'initializing': truncation from 'int' to 'char'
E:\CST 407 Intro to Cryptography\Homework\SDES\SDES\SDES\Main.cpp(161,20): warning C4309: 'initializing': truncation of constant value
E:\CST 407 Intro to Cryptography\Homework\SDES\SDES\SDES\Main.cpp(162,20): warning C4838: conversion from 'int' to 'char' requires a narrowing conversion
E:\CST 407 Intro to Cryptography\Homework\SDES\SDES\SDES\Main.cpp(162,25): warning C4305: 'initializing': truncation from 'int' to 'char'
E:\CST 407 Intro to Cryptography\Homework\SDES\SDES\SDES\Main.cpp(162,20): warning C4309: 'initializing': truncation of constant value
E:\CST 407 Intro to Cryptography\Homework\SDES\SDES\SDES\Main.cpp(163,24): warning C4838: conversion from 'int' to 'char' requires a narrowing conversion
E:\CST 407 Intro to Cryptography\Homework\SDES\SDES\SDES\Main.cpp(163,29): warning C4305: 'initializing': truncation from 'int' to 'char'
E:\CST 407 Intro to Cryptography\Homework\SDES\SDES\SDES\Main.cpp(163,24): warning C4309: 'initializing': truncation of constant value
E:\CST 407 Intro to Cryptography\Homework\SDES\SDES\SDES\Main.cpp(164,24): warning C4838: conversion from 'int' to 'char' requires a narrowing conversion
E:\CST 407 Intro to Cryptography\Homework\SDES\SDES\SDES\Main.cpp(164,29): warning C4305: 'initializing': truncation from 'int' to 'char'
E:\CST 407 Intro to Cryptography\Homework\SDES\SDES\SDES\Main.cpp(164,24): warning C4309: 'initializing': truncation of constant value
E:\CST 407 Intro to Cryptography\Homework\SDES\SDES\SDES\Main.cpp(165,24): warning C4838: conversion from 'int' to 'char' requires a narrowing conversion
E:\CST 407 Intro to Cryptography\Homework\SDES\SDES\SDES\Main.cpp(165,29): warning C4305: 'initializing': truncation from 'int' to 'char'
E:\CST 407 Intro to Cryptography\Homework\SDES\SDES\SDES\Main.cpp(165,24): warning C4309: 'initializing': truncation of constant value
E:\CST 407 Intro to Cryptography\Homework\SDES\SDES\SDES\Main.cpp(166,23): warning C4838: conversion from 'int' to 'char' requires a narrowing conversion
E:\CST 407 Intro to Cryptography\Homework\SDES\SDES\SDES\Main.cpp(166,28): warning C4305: 'initializing': truncation from 'int' to 'char'
E:\CST 407 Intro to Cryptography\Homework\SDES\SDES\SDES\Main.cpp(166,23): warning C4309: 'initializing': truncation of constant value
E:\CST 407 Intro to Cryptography\Homework\SDES\SDES\SDES\Main.cpp(167,23): warning C4838: conversion from 'int' to 'char' requires a narrowing conversion
E:\CST 407 Intro to Cryptography\Homework\SDES\SDES\SDES\Main.cpp(167,28): warning C4305: 'initializing': truncation from 'int' to 'char'
E:\CST 407 Intro to Cryptography\Homework\SDES\SDES\SDES\Main.cpp(167,23): warning C4309: 'initializing': truncation of constant value
E:\CST 407 Intro to Cryptography\Homework\SDES\SDES\SDES\Main.cpp(168,21): warning C4838: conversion from 'int' to 'char' requires a narrowing conversion
E:\CST 407 Intro to Cryptography\Homework\SDES\SDES\SDES\Main.cpp(168,26): warning C4305: 'initializing': truncation from 'int' to 'char'
E:\CST 407 Intro to Cryptography\Homework\SDES\SDES\SDES\Main.cpp(168,21): warning C4309: 'initializing': truncation of constant value
E:\CST 407 Intro to Cryptography\Homework\SDES\SDES\SDES\Main.cpp(169,25): warning C4838: conversion from 'int' to 'char' requires a narrowing conversion
E:\CST 407 Intro to Cryptography\Homework\SDES\SDES\SDES\Main.cpp(169,30): warning C4305: 'initializing': truncation from 'int' to 'char'
E:\CST 407 Intro to Cryptography\Homework\SDES\SDES\SDES\Main.cpp(169,25): warning C4309: 'initializing': truncation of constant value
E:\CST 407 Intro to Cryptography\Homework\SDES\SDES\SDES\Main.cpp(170,25): warning C4838: conversion from 'int' to 'char' requires a narrowing conversion
E:\CST 407 Intro to Cryptography\Homework\SDES\SDES\SDES\Main.cpp(170,30): warning C4305: 'initializing': truncation from 'int' to 'char'
E:\CST 407 Intro to Cryptography\Homework\SDES\SDES\SDES\Main.cpp(170,25): warning C4309: 'initializing': truncation of constant value
E:\CST 407 Intro to Cryptography\Homework\SDES\SDES\SDES\Main.cpp(171,26): warning C4838: conversion from 'int' to 'char' requires a narrowing conversion
E:\CST 407 Intro to Cryptography\Homework\SDES\SDES\SDES\Main.cpp(171,31): warning C4305: 'initializing': truncation from 'int' to 'char'
E:\CST 407 Intro to Cryptography\Homework\SDES\SDES\SDES\Main.cpp(171,26): warning C4309: 'initializing': truncation of constant value
E:\CST 407 Intro to Cryptography\Homework\SDES\SDES\SDES\Main.cpp(172,26): warning C4838: conversion from 'int' to 'char' requires a narrowing conversion
E:\CST 407 Intro to Cryptography\Homework\SDES\SDES\SDES\Main.cpp(172,31): warning C4305: 'initializing': truncation from 'int' to 'char'
E:\CST 407 Intro to Cryptography\Homework\SDES\SDES\SDES\Main.cpp(172,26): warning C4309: 'initializing': truncation of constant value
E:\CST 407 Intro to Cryptography\Homework\SDES\SDES\SDES\Main.cpp(173,23): warning C4838: conversion from 'int' to 'char' requires a narrowing conversion
E:\CST 407 Intro to Cryptography\Homework\SDES\SDES\SDES\Main.cpp(173,28): warning C4305: 'initializing': truncation from 'int' to 'char'
E:\CST 407 Intro to Cryptography\Homework\SDES\SDES\SDES\Main.cpp(173,23): warning C4309: 'initializing': truncation of constant value
E:\CST 407 Intro to Cryptography\Homework\SDES\SDES\SDES\Main.cpp(174,33): warning C4838: conversion from 'int' to 'char' requires a narrowing conversion
E:\CST 407 Intro to Cryptography\Homework\SDES\SDES\SDES\Main.cpp(174,38): warning C4305: 'initializing': truncation from 'int' to 'char'
E:\CST 407 Intro to Cryptography\Homework\SDES\SDES\SDES\Main.cpp(174,33): warning C4309: 'initializing': truncation of constant value
E:\CST 407 Intro to Cryptography\Homework\SDES\SDES\SDES\Main.cpp(175,33): warning C4838: conversion from 'int' to 'char' requires a narrowing conversion
E:\CST 407 Intro to Cryptography\Homework\SDES\SDES\SDES\Main.cpp(175,38): warning C4305: 'initializing': truncation from 'int' to 'char'
E:\CST 407 Intro to Cryptography\Homework\SDES\SDES\SDES\Main.cpp(175,33): warning C4309: 'initializing': truncation of constant value
E:\CST 407 Intro to Cryptography\Homework\SDES\SDES\SDES\Main.cpp(176,26): warning C4838: conversion from 'int' to 'char' requires a narrowing conversion
E:\CST 407 Intro to Cryptography\Homework\SDES\SDES\SDES\Main.cpp(176,31): warning C4305: 'initializing': truncation from 'int' to 'char'
E:\CST 407 Intro to Cryptography\Homework\SDES\SDES\SDES\Main.cpp(176,26): warning C4309: 'initializing': truncation of constant value
E:\CST 407 Intro to Cryptography\Homework\SDES\SDES\SDES\Main.cpp(303,24): warning C4838: conversion from 'int' to 'char' requires a narrowing conversion
E:\CST 407 Intro to Cryptography\Homework\SDES\SDES\SDES\Main.cpp(303,29): warning C4305: 'initializing': truncation from 'int' to 'char'
E:\CST 407 Intro to Cryptography\Homework\SDES\SDES\SDES\Main.cpp(303,24): warning C4309: 'initializing': truncation of constant value
E:\CST 407 Intro to Cryptography\Homework\SDES\SDES\SDES\Main.cpp(304,24): warning C4838: conversion from 'int' to 'char' requires a narrowing conversion
E:\CST 407 Intro to Cryptography\Homework\SDES\SDES\SDES\Main.cpp(304,29): warning C4305: 'initializing': truncation from 'int' to 'char'
E:\CST 407 Intro to Cryptography\Homework\SDES\SDES\SDES\Main.cpp(304,24): warning C4309: 'initializing': truncation of constant value
E:\CST 407 Intro to Cryptography\Homework\SDES\SDES\SDES\Main.cpp(305,24): warning C4838: conversion from 'int' to 'char' requires a narrowing conversion
E:\CST 407 Intro to Cryptography\Homework\SDES\SDES\SDES\Main.cpp(305,29): warning C4305: 'initializing': truncation from 'int' to 'char'
E:\CST 407 Intro to Cryptography\Homework\SDES\SDES\SDES\Main.cpp(305,24): warning C4309: 'initializing': truncation of constant value
E:\CST 407 Intro to Cryptography\Homework\SDES\SDES\SDES\Main.cpp(306,23): warning C4838: conversion from 'int' to 'char' requires a narrowing conversion
E:\CST 407 Intro to Cryptography\Homework\SDES\SDES\SDES\Main.cpp(306,28): warning C4305: 'initializing': truncation from 'int' to 'char'
E:\CST 407 Intro to Cryptography\Homework\SDES\SDES\SDES\Main.cpp(306,23): warning C4309: 'initializing': truncation of constant value
E:\CST 407 Intro to Cryptography\Homework\SDES\SDES\SDES\Main.cpp(307,23): warning C4838: conversion from 'int' to 'char' requires a narrowing conversion
E:\CST 407 Intro to Cryptography\Homework\SDES\SDES\SDES\Main.cpp(307,28): warning C4305: 'initializing': truncation from 'int' to 'char'
E:\CST 407 Intro to Cryptography\Homework\SDES\SDES\SDES\Main.cpp(307,23): warning C4309: 'initializing': truncation of constant value
E:\CST 407 Intro to Cryptography\Homework\SDES\SDES\SDES\Main.cpp(308,21): warning C4838: conversion from 'int' to 'char' requires a narrowing conversion
E:\CST 407 Intro to Cryptography\Homework\SDES\SDES\SDES\Main.cpp(308,26): warning C4305: 'initializing': truncation from 'int' to 'char'
E:\CST 407 Intro to Cryptography\Homework\SDES\SDES\SDES\Main.cpp(308,21): warning C4309: 'initializing': truncation of constant value
E:\CST 407 Intro to Cryptography\Homework\SDES\SDES\SDES\Main.cpp(309,25): warning C4838: conversion from 'int' to 'char' requires a narrowing conversion
E:\CST 407 Intro to Cryptography\Homework\SDES\SDES\SDES\Main.cpp(309,30): warning C4305: 'initializing': truncation from 'int' to 'char'
E:\CST 407 Intro to Cryptography\Homework\SDES\SDES\SDES\Main.cpp(309,25): warning C4309: 'initializing': truncation of constant value
E:\CST 407 Intro to Cryptography\Homework\SDES\SDES\SDES\Main.cpp(310,25): warning C4838: conversion from 'int' to 'char' requires a narrowing conversion
E:\CST 407 Intro to Cryptography\Homework\SDES\SDES\SDES\Main.cpp(310,30): warning C4305: 'initializing': truncation from 'int' to 'char'
E:\CST 407 Intro to Cryptography\Homework\SDES\SDES\SDES\Main.cpp(310,25): warning C4309: 'initializing': truncation of constant value
E:\CST 407 Intro to Cryptography\Homework\SDES\SDES\SDES\Main.cpp(311,26): warning C4838: conversion from 'int' to 'char' requires a narrowing conversion
E:\CST 407 Intro to Cryptography\Homework\SDES\SDES\SDES\Main.cpp(311,31): warning C4305: 'initializing': truncation from 'int' to 'char'
E:\CST 407 Intro to Cryptography\Homework\SDES\SDES\SDES\Main.cpp(311,26): warning C4309: 'initializing': truncation of constant value
E:\CST 407 Intro to Cryptography\Homework\SDES\SDES\SDES\Main.cpp(312,26): warning C4838: conversion from 'int' to 'char' requires a narrowing conversion
E:\CST 407 Intro to Cryptography\Homework\SDES\SDES\SDES\Main.cpp(312,31): warning C4305: 'initializing': truncation from 'int' to 'char'
E:\CST 407 Intro to Cryptography\Homework\SDES\SDES\SDES\Main.cpp(312,26): warning C4309: 'initializing': truncation of constant value
E:\CST 407 Intro to Cryptography\Homework\SDES\SDES\SDES\Main.cpp(313,23): warning C4838: conversion from 'int' to 'char' requires a narrowing conversion
E:\CST 407 Intro to Cryptography\Homework\SDES\SDES\SDES\Main.cpp(313,28): warning C4305: 'initializing': truncation from 'int' to 'char'
E:\CST 407 Intro to Cryptography\Homework\SDES\SDES\SDES\Main.cpp(313,23): warning C4309: 'initializing': truncation of constant value
E:\CST 407 Intro to Cryptography\Homework\SDES\SDES\SDES\Main.cpp(314,33): warning C4838: conversion from 'int' to 'char' requires a narrowing conversion
E:\CST 407 Intro to Cryptography\Homework\SDES\SDES\SDES\Main.cpp(314,38): warning C4305: 'initializing': truncation from 'int' to 'char'
E:\CST 407 Intro to Cryptography\Homework\SDES\SDES\SDES\Main.cpp(314,33): warning C4309: 'initializing': truncation of constant value
E:\CST 407 Intro to Cryptography\Homework\SDES\SDES\SDES\Main.cpp(315,33): warning C4838: conversion from 'int' to 'char' requires a narrowing conversion
E:\CST 407 Intro to Cryptography\Homework\SDES\SDES\SDES\Main.cpp(315,38): warning C4305: 'initializing': truncation from 'int' to 'char'
E:\CST 407 Intro to Cryptography\Homework\SDES\SDES\SDES\Main.cpp(315,33): warning C4309: 'initializing': truncation of constant value
E:\CST 407 Intro to Cryptography\Homework\SDES\SDES\SDES\Main.cpp(316,26): warning C4838: conversion from 'int' to 'char' requires a narrowing conversion
E:\CST 407 Intro to Cryptography\Homework\SDES\SDES\SDES\Main.cpp(316,31): warning C4305: 'initializing': truncation from 'int' to 'char'
E:\CST 407 Intro to Cryptography\Homework\SDES\SDES\SDES\Main.cpp(316,26): warning C4309: 'initializing': truncation of constant value
E:\CST 407 Intro to Cryptography\Homework\SDES\SDES\SDES\Main.cpp(420,26): warning C4838: conversion from 'int' to 'char' requires a narrowing conversion
E:\CST 407 Intro to Cryptography\Homework\SDES\SDES\SDES\Main.cpp(420,31): warning C4305: 'initializing': truncation from 'int' to 'char'
E:\CST 407 Intro to Cryptography\Homework\SDES\SDES\SDES\Main.cpp(420,26): warning C4309: 'initializing': truncation of constant value
E:\CST 407 Intro to Cryptography\Homework\SDES\SDES\SDES\Main.cpp(445,24): warning C4838: conversion from 'int' to 'char' requires a narrowing conversion
E:\CST 407 Intro to Cryptography\Homework\SDES\SDES\SDES\Main.cpp(445,29): warning C4305: 'initializing': truncation from 'int' to 'char'
E:\CST 407 Intro to Cryptography\Homework\SDES\SDES\SDES\Main.cpp(445,24): warning C4309: 'initializing': truncation of constant value
E:\CST 407 Intro to Cryptography\Homework\SDES\SDES\SDES\Main.cpp(468,19): warning C4838: conversion from 'int' to 'char' requires a narrowing conversion
E:\CST 407 Intro to Cryptography\Homework\SDES\SDES\SDES\Main.cpp(468,24): warning C4305: 'initializing': truncation from 'int' to 'char'
E:\CST 407 Intro to Cryptography\Homework\SDES\SDES\SDES\Main.cpp(468,19): warning C4309: 'initializing': truncation of constant value
E:\CST 407 Intro to Cryptography\Homework\SDES\SDES\SDES\Main.cpp(513,25): warning C4838: conversion from 'int' to 'char' requires a narrowing conversion
E:\CST 407 Intro to Cryptography\Homework\SDES\SDES\SDES\Main.cpp(513,30): warning C4305: 'initializing': truncation from 'int' to 'char'
E:\CST 407 Intro to Cryptography\Homework\SDES\SDES\SDES\Main.cpp(513,25): warning C4309: 'initializing': truncation of constant value
E:\CST 407 Intro to Cryptography\Homework\SDES\SDES\SDES\Main.cpp(514,24): warning C4838: conversion from 'int' to 'char' requires a narrowing conversion
E:\CST 407 Intro to Cryptography\Homework\SDES\SDES\SDES\Main.cpp(514,29): warning C4305: 'initializing': truncation from 'int' to 'char'
E:\CST 407 Intro to Cryptography\Homework\SDES\SDES\SDES\Main.cpp(514,24): warning C4309: 'initializing': truncation of constant value
E:\CST 407 Intro to Cryptography\Homework\SDES\SDES\SDES\Main.cpp(515,24): warning C4838: conversion from 'int' to 'char' requires a narrowing conversion
E:\CST 407 Intro to Cryptography\Homework\SDES\SDES\SDES\Main.cpp(515,29): warning C4305: 'initializing': truncation from 'int' to 'char'
E:\CST 407 Intro to Cryptography\Homework\SDES\SDES\SDES\Main.cpp(515,24): warning C4309: 'initializing': truncation of constant value
E:\CST 407 Intro to Cryptography\Homework\SDES\SDES\SDES\Main.cpp(516,24): warning C4838: conversion from 'int' to 'char' requires a narrowing conversion
E:\CST 407 Intro to Cryptography\Homework\SDES\SDES\SDES\Main.cpp(516,29): warning C4305: 'initializing': truncation from 'int' to 'char'
E:\CST 407 Intro to Cryptography\Homework\SDES\SDES\SDES\Main.cpp(516,24): warning C4309: 'initializing': truncation of constant value
E:\CST 407 Intro to Cryptography\Homework\SDES\SDES\SDES\Main.cpp(517,24): warning C4838: conversion from 'int' to 'char' requires a narrowing conversion
E:\CST 407 Intro to Cryptography\Homework\SDES\SDES\SDES\Main.cpp(517,29): warning C4305: 'initializing': truncation from 'int' to 'char'
E:\CST 407 Intro to Cryptography\Homework\SDES\SDES\SDES\Main.cpp(517,24): warning C4309: 'initializing': truncation of constant value
E:\CST 407 Intro to Cryptography\Homework\SDES\SDES\SDES\Main.cpp(518,26): warning C4838: conversion from 'int' to 'char' requires a narrowing conversion
E:\CST 407 Intro to Cryptography\Homework\SDES\SDES\SDES\Main.cpp(518,31): warning C4305: 'initializing': truncation from 'int' to 'char'
E:\CST 407 Intro to Cryptography\Homework\SDES\SDES\SDES\Main.cpp(518,26): warning C4309: 'initializing': truncation of constant value
E:\CST 407 Intro to Cryptography\Homework\SDES\SDES\SDES\Main.cpp(590,25): warning C4838: conversion from 'int' to 'char' requires a narrowing conversion
E:\CST 407 Intro to Cryptography\Homework\SDES\SDES\SDES\Main.cpp(590,30): warning C4305: 'initializing': truncation from 'int' to 'char'
E:\CST 407 Intro to Cryptography\Homework\SDES\SDES\SDES\Main.cpp(590,25): warning C4309: 'initializing': truncation of constant value
E:\CST 407 Intro to Cryptography\Homework\SDES\SDES\SDES\Main.cpp(591,24): warning C4838: conversion from 'int' to 'char' requires a narrowing conversion
E:\CST 407 Intro to Cryptography\Homework\SDES\SDES\SDES\Main.cpp(591,29): warning C4305: 'initializing': truncation from 'int' to 'char'
E:\CST 407 Intro to Cryptography\Homework\SDES\SDES\SDES\Main.cpp(591,24): warning C4309: 'initializing': truncation of constant value
E:\CST 407 Intro to Cryptography\Homework\SDES\SDES\SDES\Main.cpp(592,24): warning C4838: conversion from 'int' to 'char' requires a narrowing conversion
E:\CST 407 Intro to Cryptography\Homework\SDES\SDES\SDES\Main.cpp(592,29): warning C4305: 'initializing': truncation from 'int' to 'char'
E:\CST 407 Intro to Cryptography\Homework\SDES\SDES\SDES\Main.cpp(592,24): warning C4309: 'initializing': truncation of constant value
E:\CST 407 Intro to Cryptography\Homework\SDES\SDES\SDES\Main.cpp(593,24): warning C4838: conversion from 'int' to 'char' requires a narrowing conversion
E:\CST 407 Intro to Cryptography\Homework\SDES\SDES\SDES\Main.cpp(593,29): warning C4305: 'initializing': truncation from 'int' to 'char'
E:\CST 407 Intro to Cryptography\Homework\SDES\SDES\SDES\Main.cpp(593,24): warning C4309: 'initializing': truncation of constant value
E:\CST 407 Intro to Cryptography\Homework\SDES\SDES\SDES\Main.cpp(594,24): warning C4838: conversion from 'int' to 'char' requires a narrowing conversion
E:\CST 407 Intro to Cryptography\Homework\SDES\SDES\SDES\Main.cpp(594,29): warning C4305: 'initializing': truncation from 'int' to 'char'
E:\CST 407 Intro to Cryptography\Homework\SDES\SDES\SDES\Main.cpp(594,24): warning C4309: 'initializing': truncation of constant value
E:\CST 407 Intro to Cryptography\Homework\SDES\SDES\SDES\Main.cpp(595,26): warning C4838: conversion from 'int' to 'char' requires a narrowing conversion
E:\CST 407 Intro to Cryptography\Homework\SDES\SDES\SDES\Main.cpp(595,31): warning C4305: 'initializing': truncation from 'int' to 'char'
E:\CST 407 Intro to Cryptography\Homework\SDES\SDES\SDES\Main.cpp(595,26): warning C4309: 'initializing': truncation of constant value
E:\CST 407 Intro to Cryptography\Homework\SDES\SDES\SDES\Main.cpp(669,26): warning C4838: conversion from 'int' to 'char' requires a narrowing conversion
E:\CST 407 Intro to Cryptography\Homework\SDES\SDES\SDES\Main.cpp(669,31): warning C4305: 'initializing': truncation from 'int' to 'char'
E:\CST 407 Intro to Cryptography\Homework\SDES\SDES\SDES\Main.cpp(669,26): warning C4309: 'initializing': truncation of constant value
E:\CST 407 Intro to Cryptography\Homework\SDES\SDES\SDES\Main.cpp(670,24): warning C4838: conversion from 'int' to 'char' requires a narrowing conversion
E:\CST 407 Intro to Cryptography\Homework\SDES\SDES\SDES\Main.cpp(670,29): warning C4305: 'initializing': truncation from 'int' to 'char'
E:\CST 407 Intro to Cryptography\Homework\SDES\SDES\SDES\Main.cpp(670,24): warning C4309: 'initializing': truncation of constant value
  SDES.vcxproj -> E:\CST 407 Intro to Cryptography\Homework\SDES\SDES\Debug\SDES.exe
